0 info it worked if it ends with ok
1 verbose cli [ 'C:\\Program Files\\nodejs\\node.exe',
1 verbose cli   'C:\\Program Files\\nodejs\\node_modules\\npm\\bin\\npm-cli.js',
1 verbose cli   'install',
1 verbose cli   'config.json',
1 verbose cli   '--save-dev' ]
2 info using npm@3.10.10
3 info using node@v6.11.5
4 silly loadCurrentTree Starting
5 silly install loadCurrentTree
6 silly install readLocalPackageData
7 silly fetchPackageMetaData config.json
8 silly fetchOtherPackageData config.json
9 silly cache add args [ 'config.json', null ]
10 verbose cache add spec config.json
11 silly cache add parsed spec Result {
11 silly cache add   raw: 'config.json',
11 silly cache add   scope: null,
11 silly cache add   escapedName: 'config.json',
11 silly cache add   name: null,
11 silly cache add   rawSpec: 'config.json',
11 silly cache add   spec: 'D:\\wamp64\\www\\BaseTheme\\config.json',
11 silly cache add   type: 'local' }
12 silly addLocalTarball shasum (computed) 48f6a63e7089dda2f20440c2a8816ecbfd89cfb0
13 verbose addTmpTarball D:\wamp64\www\BaseTheme\config.json not in flight; adding
14 verbose correctMkdir C:\Users\colet\AppData\Roaming\npm-cache correctMkdir not in flight; initializing
15 verbose addTmpTarball validating metadata from D:\wamp64\www\BaseTheme\config.json
16 verbose tar unpack D:\wamp64\www\BaseTheme\config.json
17 verbose tar unpacking to C:\Users\colet\AppData\Local\Temp\npm-4468-b87f026e\unpack-2fa59626
18 silly gentlyRm C:\Users\colet\AppData\Local\Temp\npm-4468-b87f026e\unpack-2fa59626 is being purged
19 verbose gentlyRm don't care about contents; nuking C:\Users\colet\AppData\Local\Temp\npm-4468-b87f026e\unpack-2fa59626
20 silly gunzTarPerm modes [ '777', '666' ]
21 error not a package D:\wamp64\www\BaseTheme\config.json
22 error addLocal Could not install D:\wamp64\www\BaseTheme\config.json
23 silly fetchPackageMetaData Error: ENOENT: no such file or directory, open 'C:\Users\colet\AppData\Local\Temp\npm-4468-b87f026e\unpack-2fa59626\package.json'
23 silly fetchPackageMetaData     at Error (native)
23 silly fetchPackageMetaData  error for config.json { Error: ENOENT: no such file or directory, open 'C:\Users\colet\AppData\Local\Temp\npm-4468-b87f026e\unpack-2fa59626\package.json'
23 silly fetchPackageMetaData     at Error (native)
23 silly fetchPackageMetaData   errno: -4058,
23 silly fetchPackageMetaData   code: 'ENOENT',
23 silly fetchPackageMetaData   syscall: 'open',
23 silly fetchPackageMetaData   path: 'C:\\Users\\colet\\AppData\\Local\\Temp\\npm-4468-b87f026e\\unpack-2fa59626\\package.json' }
24 silly rollbackFailedOptional Starting
25 silly rollbackFailedOptional Finishing
26 silly runTopLevelLifecycles Finishing
27 silly install printInstalled
28 verbose stack Error: ENOENT: no such file or directory, open 'C:\Users\colet\AppData\Local\Temp\npm-4468-b87f026e\unpack-2fa59626\package.json'
28 verbose stack     at Error (native)
29 verbose cwd D:\wamp64\www\BaseTheme
30 error Windows_NT 10.0.16299
31 error argv "C:\\Program Files\\nodejs\\node.exe" "C:\\Program Files\\nodejs\\node_modules\\npm\\bin\\npm-cli.js" "install" "config.json" "--save-dev"
32 error node v6.11.5
33 error npm  v3.10.10
34 error path C:\Users\colet\AppData\Local\Temp\npm-4468-b87f026e\unpack-2fa59626\package.json
35 error code ENOENT
36 error errno -4058
37 error syscall open
38 error enoent ENOENT: no such file or directory, open 'C:\Users\colet\AppData\Local\Temp\npm-4468-b87f026e\unpack-2fa59626\package.json'
39 error enoent ENOENT: no such file or directory, open 'C:\Users\colet\AppData\Local\Temp\npm-4468-b87f026e\unpack-2fa59626\package.json'
39 error enoent This is most likely not a problem with npm itself
39 error enoent and is related to npm not being able to find a file.
40 verbose exit [ -4058, true ]
